2025-05-31 23:33:06 | ERROR    | src.database.connection:_initialize:30 - Failed to initialize database: No module named 'psycopg2'
2025-05-31 23:33:58 | ERROR    | src.database.connection:_initialize:30 - Failed to initialize database: No module named 'psycopg2'
2025-05-31 23:34:25 | ERROR    | src.database.connection:_initialize:30 - Failed to initialize database: No module named 'psycopg2'
2025-05-31 23:47:38 | INFO     | src.database.connection:_initialize:29 - Database connection initialized
2025-05-31 23:47:38 | INFO     | __main__:main:77 - Starting database setup...
2025-05-31 23:47:38 | ERROR    | src.database.connection:get_session:43 - Database session error: Textual SQL expression 'SELECT 1' should be explicitly declared as text('SELECT 1')
2025-05-31 23:47:38 | ERROR    | src.database.connection:test_connection:56 - Database connection test failed: Database operation failed: Textual SQL expression 'SELECT 1' should be explicitly declared as text('SELECT 1')
2025-05-31 23:47:38 | ERROR    | __main__:main:81 - Database connection failed. Check your configuration.
2025-05-31 23:50:54 | INFO     | src.database.connection:_initialize:29 - Database connection initialized
2025-05-31 23:50:54 | INFO     | __main__:main:77 - Starting database setup...
2025-05-31 23:50:54 | INFO     | src.database.connection:test_connection:53 - Database connection test successful
2025-05-31 23:50:54 | INFO     | src.database.migrations:create_all_tables:11 - All database tables created successfully
2025-05-31 23:50:54 | INFO     | __main__:setup_symbols:42 - Added symbol: GIGA_USDT
2025-05-31 23:50:54 | INFO     | __main__:setup_symbols:42 - Added symbol: SPX_USDT
2025-05-31 23:50:54 | INFO     | __main__:setup_pair_configurations:71 - Added pair configuration: GIGA_USDT_SPX_USDT
2025-05-31 23:50:54 | INFO     | __main__:main:92 - Database setup completed successfully!
2025-05-31 23:56:59 | INFO     | src.database.connection:_initialize:29 - Database connection initialized
2025-05-31 23:56:59 | INFO     | __main__:main:24 - Starting data ingestion process...
2025-05-31 23:56:59 | INFO     | src.data.ingestion:ingest_all_symbols:72 - Starting data ingestion for all symbols
2025-05-31 23:56:59 | INFO     | src.data.ingestion:ingest_symbol_data:26 - Starting data ingestion for GIGA_USDT
2025-05-31 23:56:59 | INFO     | src.data.mexc_api:get_historical_data:95 - Fetching historical data for GIGA_USDT
2025-05-31 23:57:09 | ERROR    | src.data.mexc_api:_make_request:40 - HTTP request failed for contract/kline: HTTPSConnectionPool(host='contract.mexc.com', port=443): Read timed out. (read timeout=10)
2025-05-31 23:57:09 | ERROR    | src.data.mexc_api:get_klines:84 - Failed to get klines for GIGA_USDT: Request failed: HTTPSConnectionPool(host='contract.mexc.com', port=443): Read timed out. (read timeout=10)
2025-05-31 23:57:09 | ERROR    | src.data.mexc_api:get_historical_data:144 - Error fetching historical data chunk for GIGA_USDT: Request failed: HTTPSConnectionPool(host='contract.mexc.com', port=443): Read timed out. (read timeout=10)
2025-05-31 23:57:09 | WARNING  | src.data.mexc_api:get_historical_data:148 - No historical data found for GIGA_USDT
2025-05-31 23:57:09 | WARNING  | src.data.ingestion:ingest_symbol_data:44 - No data received for GIGA_USDT
2025-05-31 23:57:09 | INFO     | src.data.ingestion:ingest_symbol_data:26 - Starting data ingestion for SPX_USDT
2025-05-31 23:57:09 | INFO     | src.data.mexc_api:get_historical_data:95 - Fetching historical data for SPX_USDT
2025-05-31 23:57:19 | ERROR    | src.data.mexc_api:_make_request:40 - HTTP request failed for contract/kline: HTTPSConnectionPool(host='contract.mexc.com', port=443): Read timed out. (read timeout=10)
2025-05-31 23:57:19 | ERROR    | src.data.mexc_api:get_klines:84 - Failed to get klines for SPX_USDT: Request failed: HTTPSConnectionPool(host='contract.mexc.com', port=443): Read timed out. (read timeout=10)
2025-05-31 23:57:19 | ERROR    | src.data.mexc_api:get_historical_data:144 - Error fetching historical data chunk for SPX_USDT: Request failed: HTTPSConnectionPool(host='contract.mexc.com', port=443): Read timed out. (read timeout=10)
2025-05-31 23:57:19 | WARNING  | src.data.mexc_api:get_historical_data:148 - No historical data found for SPX_USDT
2025-05-31 23:57:19 | WARNING  | src.data.ingestion:ingest_symbol_data:44 - No data received for SPX_USDT
2025-05-31 23:57:19 | INFO     | src.data.ingestion:ingest_all_symbols:84 - Data ingestion completed: 0/2 symbols successful
2025-05-31 23:57:19 | ERROR    | __main__:main:41 - Some symbols failed during ingestion
2025-06-01 00:05:26 | INFO     | src.database.connection:_initialize:29 - Database connection initialized
2025-06-01 00:05:26 | INFO     | __main__:main:77 - Starting database setup...
2025-06-01 00:05:26 | INFO     | src.database.connection:test_connection:53 - Database connection test successful
2025-06-01 00:05:26 | INFO     | src.database.migrations:create_all_tables:11 - All database tables created successfully
2025-06-01 00:05:26 | INFO     | __main__:setup_symbols:42 - Added symbol: MEXCFTS_PERP_SPX_USDT
2025-06-01 00:05:26 | INFO     | __main__:setup_symbols:42 - Added symbol: MEXCFTS_PERP_GIGA_USDT
2025-06-01 00:05:26 | ERROR    | src.database.connection:get_session:43 - Database session error: (psycopg2.errors.StringDataRightTruncation) value too long for type character varying(20)

[SQL: INSERT INTO symbols (symbol, base_asset, quote_asset, is_active, created_at, updated_at) SELECT p0::VARCHAR, p1::VARCHAR, p2::VARCHAR, p3::BOOLEAN, p4::TIMESTAMP WITHOUT TIME ZONE, p5::TIMESTAMP WITHOUT TIME ZONE FROM (VALUES (%(symbol__0)s, %(base_a ... 208 characters truncated ... DER BY sen_counter RETURNING symbols.id, symbols.created_at, symbols.updated_at, symbols.id AS id__1]
[parameters: {'base_asset__0': 'MEXCFTS', 'is_active__0': True, 'quote_asset__0': 'PERP', 'symbol__0': 'MEXCFTS_PERP_SPX_USDT', 'base_asset__1': 'MEXCFTS', 'is_active__1': True, 'quote_asset__1': 'PERP', 'symbol__1': 'MEXCFTS_PERP_GIGA_USDT'}]
(Background on this error at: https://sqlalche.me/e/20/9h9h)
2025-06-01 00:05:26 | ERROR    | __main__:main:96 - Database setup failed: Database operation failed: (psycopg2.errors.StringDataRightTruncation) value too long for type character varying(20)

[SQL: INSERT INTO symbols (symbol, base_asset, quote_asset, is_active, created_at, updated_at) SELECT p0::VARCHAR, p1::VARCHAR, p2::VARCHAR, p3::BOOLEAN, p4::TIMESTAMP WITHOUT TIME ZONE, p5::TIMESTAMP WITHOUT TIME ZONE FROM (VALUES (%(symbol__0)s, %(base_a ... 208 characters truncated ... DER BY sen_counter RETURNING symbols.id, symbols.created_at, symbols.updated_at, symbols.id AS id__1]
[parameters: {'base_asset__0': 'MEXCFTS', 'is_active__0': True, 'quote_asset__0': 'PERP', 'symbol__0': 'MEXCFTS_PERP_SPX_USDT', 'base_asset__1': 'MEXCFTS', 'is_active__1': True, 'quote_asset__1': 'PERP', 'symbol__1': 'MEXCFTS_PERP_GIGA_USDT'}]
(Background on this error at: https://sqlalche.me/e/20/9h9h)
2025-06-01 00:06:46 | INFO     | src.database.connection:_initialize:29 - Database connection initialized
2025-06-01 00:06:46 | WARNING  | src.database.migrations:reset_database:29 - Resetting database - all data will be lost!
2025-06-01 00:06:46 | WARNING  | src.database.migrations:drop_all_tables:21 - All database tables dropped
2025-06-01 00:06:46 | INFO     | src.database.migrations:create_all_tables:11 - All database tables created successfully
2025-06-01 00:06:46 | INFO     | src.database.migrations:reset_database:32 - Database reset completed
2025-06-01 00:07:01 | INFO     | src.database.connection:_initialize:29 - Database connection initialized
2025-06-01 00:07:01 | INFO     | __main__:main:77 - Starting database setup...
2025-06-01 00:07:01 | INFO     | src.database.connection:test_connection:53 - Database connection test successful
2025-06-01 00:07:01 | INFO     | src.database.migrations:create_all_tables:11 - All database tables created successfully
2025-06-01 00:07:01 | INFO     | __main__:setup_symbols:42 - Added symbol: MEXCFTS_PERP_SPX_USDT
2025-06-01 00:07:01 | INFO     | __main__:setup_symbols:42 - Added symbol: MEXCFTS_PERP_GIGA_USDT
2025-06-01 00:07:01 | INFO     | __main__:setup_pair_configurations:71 - Added pair configuration: MEXCFTS_PERP_GIGA_USDT_MEXCFTS_PERP_SPX_USDT
2025-06-01 00:07:01 | INFO     | __main__:main:92 - Database setup completed successfully!
2025-06-01 00:10:23 | INFO     | src.database.connection:_initialize:29 - Database connection initialized
2025-06-01 00:10:23 | INFO     | __main__:main:24 - Starting data ingestion process...
2025-06-01 00:10:23 | ERROR    | __main__:main:57 - Data ingestion failed: DataIngestion.ingest_all_symbols() takes 1 positional argument but 2 were given
2025-06-01 00:11:27 | INFO     | src.database.connection:_initialize:29 - Database connection initialized
2025-06-01 00:11:27 | INFO     | __main__:main:22 - Starting data ingestion process...
2025-06-01 00:11:27 | INFO     | src.data.ingestion:ingest_all_symbols:71 - Starting data ingestion for all symbols
2025-06-01 00:11:27 | INFO     | src.data.ingestion:ingest_symbol_data:25 - Starting data ingestion for MEXCFTS_PERP_GIGA_USDT
2025-06-01 00:11:27 | INFO     | src.data.coinapi_client:get_all_historical_data:80 - Fetching all historical data for MEXCFTS_PERP_GIGA_USDT
2025-06-01 00:11:27 | ERROR    | src.data.coinapi_client:_make_request:37 - HTTP request failed for ohlcv/MEXCFTS_PERP_GIGA_USDT/history: 400 Client Error: Bad Request for url: https://rest.coinapi.io/v1/ohlcv/MEXCFTS_PERP_GIGA_USDT/history?period_id=1MIN&limit=10000&time_start=2023-06-02T00%3A11%3A27.228500&time_end=2023-07-02T00%3A11%3A27.228500
2025-06-01 00:11:27 | ERROR    | src.data.coinapi_client:get_ohlcv_historical:72 - Failed to get OHLCV for MEXCFTS_PERP_GIGA_USDT: Request failed: 400 Client Error: Bad Request for url: https://rest.coinapi.io/v1/ohlcv/MEXCFTS_PERP_GIGA_USDT/history?period_id=1MIN&limit=10000&time_start=2023-06-02T00%3A11%3A27.228500&time_end=2023-07-02T00%3A11%3A27.228500
2025-06-01 00:11:27 | ERROR    | src.data.coinapi_client:get_all_historical_data:116 - Error fetching chunk for MEXCFTS_PERP_GIGA_USDT: Request failed: 400 Client Error: Bad Request for url: https://rest.coinapi.io/v1/ohlcv/MEXCFTS_PERP_GIGA_USDT/history?period_id=1MIN&limit=10000&time_start=2023-06-02T00%3A11%3A27.228500&time_end=2023-07-02T00%3A11%3A27.228500
2025-06-01 00:11:27 | ERROR    | src.data.coinapi_client:_make_request:37 - HTTP request failed for ohlcv/MEXCFTS_PERP_GIGA_USDT/history: 400 Client Error: Bad Request for url: https://rest.coinapi.io/v1/ohlcv/MEXCFTS_PERP_GIGA_USDT/history?period_id=1MIN&limit=10000&time_start=2023-07-02T00%3A11%3A27.228500&time_end=2023-08-01T00%3A11%3A27.228500
2025-06-01 00:11:27 | ERROR    | src.data.coinapi_client:get_ohlcv_historical:72 - Failed to get OHLCV for MEXCFTS_PERP_GIGA_USDT: Request failed: 400 Client Error: Bad Request for url: https://rest.coinapi.io/v1/ohlcv/MEXCFTS_PERP_GIGA_USDT/history?period_id=1MIN&limit=10000&time_start=2023-07-02T00%3A11%3A27.228500&time_end=2023-08-01T00%3A11%3A27.228500
2025-06-01 00:11:27 | ERROR    | src.data.coinapi_client:get_all_historical_data:116 - Error fetching chunk for MEXCFTS_PERP_GIGA_USDT: Request failed: 400 Client Error: Bad Request for url: https://rest.coinapi.io/v1/ohlcv/MEXCFTS_PERP_GIGA_USDT/history?period_id=1MIN&limit=10000&time_start=2023-07-02T00%3A11%3A27.228500&time_end=2023-08-01T00%3A11%3A27.228500
2025-06-01 00:11:28 | ERROR    | src.data.coinapi_client:_make_request:37 - HTTP request failed for ohlcv/MEXCFTS_PERP_GIGA_USDT/history: 400 Client Error: Bad Request for url: https://rest.coinapi.io/v1/ohlcv/MEXCFTS_PERP_GIGA_USDT/history?period_id=1MIN&limit=10000&time_start=2023-08-01T00%3A11%3A27.228500&time_end=2023-08-31T00%3A11%3A27.228500
2025-06-01 00:11:28 | ERROR    | src.data.coinapi_client:get_ohlcv_historical:72 - Failed to get OHLCV for MEXCFTS_PERP_GIGA_USDT: Request failed: 400 Client Error: Bad Request for url: https://rest.coinapi.io/v1/ohlcv/MEXCFTS_PERP_GIGA_USDT/history?period_id=1MIN&limit=10000&time_start=2023-08-01T00%3A11%3A27.228500&time_end=2023-08-31T00%3A11%3A27.228500
2025-06-01 00:11:28 | ERROR    | src.data.coinapi_client:get_all_historical_data:116 - Error fetching chunk for MEXCFTS_PERP_GIGA_USDT: Request failed: 400 Client Error: Bad Request for url: https://rest.coinapi.io/v1/ohlcv/MEXCFTS_PERP_GIGA_USDT/history?period_id=1MIN&limit=10000&time_start=2023-08-01T00%3A11%3A27.228500&time_end=2023-08-31T00%3A11%3A27.228500
2025-06-01 00:11:28 | ERROR    | src.data.coinapi_client:_make_request:37 - HTTP request failed for ohlcv/MEXCFTS_PERP_GIGA_USDT/history: 400 Client Error: Bad Request for url: https://rest.coinapi.io/v1/ohlcv/MEXCFTS_PERP_GIGA_USDT/history?period_id=1MIN&limit=10000&time_start=2023-08-31T00%3A11%3A27.228500&time_end=2023-09-30T00%3A11%3A27.228500
2025-06-01 00:11:28 | ERROR    | src.data.coinapi_client:get_ohlcv_historical:72 - Failed to get OHLCV for MEXCFTS_PERP_GIGA_USDT: Request failed: 400 Client Error: Bad Request for url: https://rest.coinapi.io/v1/ohlcv/MEXCFTS_PERP_GIGA_USDT/history?period_id=1MIN&limit=10000&time_start=2023-08-31T00%3A11%3A27.228500&time_end=2023-09-30T00%3A11%3A27.228500
2025-06-01 00:11:28 | ERROR    | src.data.coinapi_client:get_all_historical_data:116 - Error fetching chunk for MEXCFTS_PERP_GIGA_USDT: Request failed: 400 Client Error: Bad Request for url: https://rest.coinapi.io/v1/ohlcv/MEXCFTS_PERP_GIGA_USDT/history?period_id=1MIN&limit=10000&time_start=2023-08-31T00%3A11%3A27.228500&time_end=2023-09-30T00%3A11%3A27.228500
2025-06-01 00:11:28 | ERROR    | src.data.coinapi_client:_make_request:37 - HTTP request failed for ohlcv/MEXCFTS_PERP_GIGA_USDT/history: 400 Client Error: Bad Request for url: https://rest.coinapi.io/v1/ohlcv/MEXCFTS_PERP_GIGA_USDT/history?period_id=1MIN&limit=10000&time_start=2023-09-30T00%3A11%3A27.228500&time_end=2023-10-30T00%3A11%3A27.228500
2025-06-01 00:11:28 | ERROR    | src.data.coinapi_client:get_ohlcv_historical:72 - Failed to get OHLCV for MEXCFTS_PERP_GIGA_USDT: Request failed: 400 Client Error: Bad Request for url: https://rest.coinapi.io/v1/ohlcv/MEXCFTS_PERP_GIGA_USDT/history?period_id=1MIN&limit=10000&time_start=2023-09-30T00%3A11%3A27.228500&time_end=2023-10-30T00%3A11%3A27.228500
2025-06-01 00:11:28 | ERROR    | src.data.coinapi_client:get_all_historical_data:116 - Error fetching chunk for MEXCFTS_PERP_GIGA_USDT: Request failed: 400 Client Error: Bad Request for url: https://rest.coinapi.io/v1/ohlcv/MEXCFTS_PERP_GIGA_USDT/history?period_id=1MIN&limit=10000&time_start=2023-09-30T00%3A11%3A27.228500&time_end=2023-10-30T00%3A11%3A27.228500
2025-06-01 00:11:28 | ERROR    | src.data.coinapi_client:_make_request:37 - HTTP request failed for ohlcv/MEXCFTS_PERP_GIGA_USDT/history: 400 Client Error: Bad Request for url: https://rest.coinapi.io/v1/ohlcv/MEXCFTS_PERP_GIGA_USDT/history?period_id=1MIN&limit=10000&time_start=2023-10-30T00%3A11%3A27.228500&time_end=2023-11-29T00%3A11%3A27.228500
2025-06-01 00:11:28 | ERROR    | src.data.coinapi_client:get_ohlcv_historical:72 - Failed to get OHLCV for MEXCFTS_PERP_GIGA_USDT: Request failed: 400 Client Error: Bad Request for url: https://rest.coinapi.io/v1/ohlcv/MEXCFTS_PERP_GIGA_USDT/history?period_id=1MIN&limit=10000&time_start=2023-10-30T00%3A11%3A27.228500&time_end=2023-11-29T00%3A11%3A27.228500
2025-06-01 00:11:28 | ERROR    | src.data.coinapi_client:get_all_historical_data:116 - Error fetching chunk for MEXCFTS_PERP_GIGA_USDT: Request failed: 400 Client Error: Bad Request for url: https://rest.coinapi.io/v1/ohlcv/MEXCFTS_PERP_GIGA_USDT/history?period_id=1MIN&limit=10000&time_start=2023-10-30T00%3A11%3A27.228500&time_end=2023-11-29T00%3A11%3A27.228500
2025-06-01 00:11:28 | ERROR    | src.data.coinapi_client:_make_request:37 - HTTP request failed for ohlcv/MEXCFTS_PERP_GIGA_USDT/history: 400 Client Error: Bad Request for url: https://rest.coinapi.io/v1/ohlcv/MEXCFTS_PERP_GIGA_USDT/history?period_id=1MIN&limit=10000&time_start=2023-11-29T00%3A11%3A27.228500&time_end=2023-12-29T00%3A11%3A27.228500
2025-06-01 00:11:28 | ERROR    | src.data.coinapi_client:get_ohlcv_historical:72 - Failed to get OHLCV for MEXCFTS_PERP_GIGA_USDT: Request failed: 400 Client Error: Bad Request for url: https://rest.coinapi.io/v1/ohlcv/MEXCFTS_PERP_GIGA_USDT/history?period_id=1MIN&limit=10000&time_start=2023-11-29T00%3A11%3A27.228500&time_end=2023-12-29T00%3A11%3A27.228500
2025-06-01 00:11:28 | ERROR    | src.data.coinapi_client:get_all_historical_data:116 - Error fetching chunk for MEXCFTS_PERP_GIGA_USDT: Request failed: 400 Client Error: Bad Request for url: https://rest.coinapi.io/v1/ohlcv/MEXCFTS_PERP_GIGA_USDT/history?period_id=1MIN&limit=10000&time_start=2023-11-29T00%3A11%3A27.228500&time_end=2023-12-29T00%3A11%3A27.228500
2025-06-01 00:11:29 | ERROR    | src.data.coinapi_client:_make_request:37 - HTTP request failed for ohlcv/MEXCFTS_PERP_GIGA_USDT/history: 400 Client Error: Bad Request for url: https://rest.coinapi.io/v1/ohlcv/MEXCFTS_PERP_GIGA_USDT/history?period_id=1MIN&limit=10000&time_start=2023-12-29T00%3A11%3A27.228500&time_end=2024-01-28T00%3A11%3A27.228500
2025-06-01 00:11:29 | ERROR    | src.data.coinapi_client:get_ohlcv_historical:72 - Failed to get OHLCV for MEXCFTS_PERP_GIGA_USDT: Request failed: 400 Client Error: Bad Request for url: https://rest.coinapi.io/v1/ohlcv/MEXCFTS_PERP_GIGA_USDT/history?period_id=1MIN&limit=10000&time_start=2023-12-29T00%3A11%3A27.228500&time_end=2024-01-28T00%3A11%3A27.228500
2025-06-01 00:11:29 | ERROR    | src.data.coinapi_client:get_all_historical_data:116 - Error fetching chunk for MEXCFTS_PERP_GIGA_USDT: Request failed: 400 Client Error: Bad Request for url: https://rest.coinapi.io/v1/ohlcv/MEXCFTS_PERP_GIGA_USDT/history?period_id=1MIN&limit=10000&time_start=2023-12-29T00%3A11%3A27.228500&time_end=2024-01-28T00%3A11%3A27.228500
2025-06-01 00:11:29 | ERROR    | src.data.coinapi_client:_make_request:37 - HTTP request failed for ohlcv/MEXCFTS_PERP_GIGA_USDT/history: 400 Client Error: Bad Request for url: https://rest.coinapi.io/v1/ohlcv/MEXCFTS_PERP_GIGA_USDT/history?period_id=1MIN&limit=10000&time_start=2024-01-28T00%3A11%3A27.228500&time_end=2024-02-27T00%3A11%3A27.228500
2025-06-01 00:11:29 | ERROR    | src.data.coinapi_client:get_ohlcv_historical:72 - Failed to get OHLCV for MEXCFTS_PERP_GIGA_USDT: Request failed: 400 Client Error: Bad Request for url: https://rest.coinapi.io/v1/ohlcv/MEXCFTS_PERP_GIGA_USDT/history?period_id=1MIN&limit=10000&time_start=2024-01-28T00%3A11%3A27.228500&time_end=2024-02-27T00%3A11%3A27.228500
2025-06-01 00:11:29 | ERROR    | src.data.coinapi_client:get_all_historical_data:116 - Error fetching chunk for MEXCFTS_PERP_GIGA_USDT: Request failed: 400 Client Error: Bad Request for url: https://rest.coinapi.io/v1/ohlcv/MEXCFTS_PERP_GIGA_USDT/history?period_id=1MIN&limit=10000&time_start=2024-01-28T00%3A11%3A27.228500&time_end=2024-02-27T00%3A11%3A27.228500
2025-06-01 00:11:29 | ERROR    | src.data.coinapi_client:_make_request:37 - HTTP request failed for ohlcv/MEXCFTS_PERP_GIGA_USDT/history: 400 Client Error: Bad Request for url: https://rest.coinapi.io/v1/ohlcv/MEXCFTS_PERP_GIGA_USDT/history?period_id=1MIN&limit=10000&time_start=2024-02-27T00%3A11%3A27.228500&time_end=2024-03-28T00%3A11%3A27.228500
2025-06-01 00:11:29 | ERROR    | src.data.coinapi_client:get_ohlcv_historical:72 - Failed to get OHLCV for MEXCFTS_PERP_GIGA_USDT: Request failed: 400 Client Error: Bad Request for url: https://rest.coinapi.io/v1/ohlcv/MEXCFTS_PERP_GIGA_USDT/history?period_id=1MIN&limit=10000&time_start=2024-02-27T00%3A11%3A27.228500&time_end=2024-03-28T00%3A11%3A27.228500
2025-06-01 00:11:29 | ERROR    | src.data.coinapi_client:get_all_historical_data:116 - Error fetching chunk for MEXCFTS_PERP_GIGA_USDT: Request failed: 400 Client Error: Bad Request for url: https://rest.coinapi.io/v1/ohlcv/MEXCFTS_PERP_GIGA_USDT/history?period_id=1MIN&limit=10000&time_start=2024-02-27T00%3A11%3A27.228500&time_end=2024-03-28T00%3A11%3A27.228500
2025-06-01 00:11:29 | ERROR    | src.data.coinapi_client:_make_request:37 - HTTP request failed for ohlcv/MEXCFTS_PERP_GIGA_USDT/history: 400 Client Error: Bad Request for url: https://rest.coinapi.io/v1/ohlcv/MEXCFTS_PERP_GIGA_USDT/history?period_id=1MIN&limit=10000&time_start=2024-03-28T00%3A11%3A27.228500&time_end=2024-04-27T00%3A11%3A27.228500
2025-06-01 00:11:29 | ERROR    | src.data.coinapi_client:get_ohlcv_historical:72 - Failed to get OHLCV for MEXCFTS_PERP_GIGA_USDT: Request failed: 400 Client Error: Bad Request for url: https://rest.coinapi.io/v1/ohlcv/MEXCFTS_PERP_GIGA_USDT/history?period_id=1MIN&limit=10000&time_start=2024-03-28T00%3A11%3A27.228500&time_end=2024-04-27T00%3A11%3A27.228500
2025-06-01 00:11:29 | ERROR    | src.data.coinapi_client:get_all_historical_data:116 - Error fetching chunk for MEXCFTS_PERP_GIGA_USDT: Request failed: 400 Client Error: Bad Request for url: https://rest.coinapi.io/v1/ohlcv/MEXCFTS_PERP_GIGA_USDT/history?period_id=1MIN&limit=10000&time_start=2024-03-28T00%3A11%3A27.228500&time_end=2024-04-27T00%3A11%3A27.228500
2025-06-01 00:11:29 | ERROR    | src.data.coinapi_client:_make_request:37 - HTTP request failed for ohlcv/MEXCFTS_PERP_GIGA_USDT/history: 400 Client Error: Bad Request for url: https://rest.coinapi.io/v1/ohlcv/MEXCFTS_PERP_GIGA_USDT/history?period_id=1MIN&limit=10000&time_start=2024-04-27T00%3A11%3A27.228500&time_end=2024-05-27T00%3A11%3A27.228500
2025-06-01 00:11:29 | ERROR    | src.data.coinapi_client:get_ohlcv_historical:72 - Failed to get OHLCV for MEXCFTS_PERP_GIGA_USDT: Request failed: 400 Client Error: Bad Request for url: https://rest.coinapi.io/v1/ohlcv/MEXCFTS_PERP_GIGA_USDT/history?period_id=1MIN&limit=10000&time_start=2024-04-27T00%3A11%3A27.228500&time_end=2024-05-27T00%3A11%3A27.228500
2025-06-01 00:11:29 | ERROR    | src.data.coinapi_client:get_all_historical_data:116 - Error fetching chunk for MEXCFTS_PERP_GIGA_USDT: Request failed: 400 Client Error: Bad Request for url: https://rest.coinapi.io/v1/ohlcv/MEXCFTS_PERP_GIGA_USDT/history?period_id=1MIN&limit=10000&time_start=2024-04-27T00%3A11%3A27.228500&time_end=2024-05-27T00%3A11%3A27.228500
2025-06-01 00:11:30 | ERROR    | src.data.coinapi_client:_make_request:37 - HTTP request failed for ohlcv/MEXCFTS_PERP_GIGA_USDT/history: 400 Client Error: Bad Request for url: https://rest.coinapi.io/v1/ohlcv/MEXCFTS_PERP_GIGA_USDT/history?period_id=1MIN&limit=10000&time_start=2024-05-27T00%3A11%3A27.228500&time_end=2024-06-26T00%3A11%3A27.228500
2025-06-01 00:11:30 | ERROR    | src.data.coinapi_client:get_ohlcv_historical:72 - Failed to get OHLCV for MEXCFTS_PERP_GIGA_USDT: Request failed: 400 Client Error: Bad Request for url: https://rest.coinapi.io/v1/ohlcv/MEXCFTS_PERP_GIGA_USDT/history?period_id=1MIN&limit=10000&time_start=2024-05-27T00%3A11%3A27.228500&time_end=2024-06-26T00%3A11%3A27.228500
2025-06-01 00:11:30 | ERROR    | src.data.coinapi_client:get_all_historical_data:116 - Error fetching chunk for MEXCFTS_PERP_GIGA_USDT: Request failed: 400 Client Error: Bad Request for url: https://rest.coinapi.io/v1/ohlcv/MEXCFTS_PERP_GIGA_USDT/history?period_id=1MIN&limit=10000&time_start=2024-05-27T00%3A11%3A27.228500&time_end=2024-06-26T00%3A11%3A27.228500
2025-06-01 00:11:30 | ERROR    | src.data.coinapi_client:_make_request:37 - HTTP request failed for ohlcv/MEXCFTS_PERP_GIGA_USDT/history: 400 Client Error: Bad Request for url: https://rest.coinapi.io/v1/ohlcv/MEXCFTS_PERP_GIGA_USDT/history?period_id=1MIN&limit=10000&time_start=2024-06-26T00%3A11%3A27.228500&time_end=2024-07-26T00%3A11%3A27.228500
2025-06-01 00:11:30 | ERROR    | src.data.coinapi_client:get_ohlcv_historical:72 - Failed to get OHLCV for MEXCFTS_PERP_GIGA_USDT: Request failed: 400 Client Error: Bad Request for url: https://rest.coinapi.io/v1/ohlcv/MEXCFTS_PERP_GIGA_USDT/history?period_id=1MIN&limit=10000&time_start=2024-06-26T00%3A11%3A27.228500&time_end=2024-07-26T00%3A11%3A27.228500
2025-06-01 00:11:30 | ERROR    | src.data.coinapi_client:get_all_historical_data:116 - Error fetching chunk for MEXCFTS_PERP_GIGA_USDT: Request failed: 400 Client Error: Bad Request for url: https://rest.coinapi.io/v1/ohlcv/MEXCFTS_PERP_GIGA_USDT/history?period_id=1MIN&limit=10000&time_start=2024-06-26T00%3A11%3A27.228500&time_end=2024-07-26T00%3A11%3A27.228500
2025-06-01 00:11:30 | ERROR    | src.data.coinapi_client:_make_request:37 - HTTP request failed for ohlcv/MEXCFTS_PERP_GIGA_USDT/history: 400 Client Error: Bad Request for url: https://rest.coinapi.io/v1/ohlcv/MEXCFTS_PERP_GIGA_USDT/history?period_id=1MIN&limit=10000&time_start=2024-07-26T00%3A11%3A27.228500&time_end=2024-08-25T00%3A11%3A27.228500
2025-06-01 00:11:30 | ERROR    | src.data.coinapi_client:get_ohlcv_historical:72 - Failed to get OHLCV for MEXCFTS_PERP_GIGA_USDT: Request failed: 400 Client Error: Bad Request for url: https://rest.coinapi.io/v1/ohlcv/MEXCFTS_PERP_GIGA_USDT/history?period_id=1MIN&limit=10000&time_start=2024-07-26T00%3A11%3A27.228500&time_end=2024-08-25T00%3A11%3A27.228500
2025-06-01 00:11:30 | ERROR    | src.data.coinapi_client:get_all_historical_data:116 - Error fetching chunk for MEXCFTS_PERP_GIGA_USDT: Request failed: 400 Client Error: Bad Request for url: https://rest.coinapi.io/v1/ohlcv/MEXCFTS_PERP_GIGA_USDT/history?period_id=1MIN&limit=10000&time_start=2024-07-26T00%3A11%3A27.228500&time_end=2024-08-25T00%3A11%3A27.228500
2025-06-01 00:11:30 | ERROR    | src.data.coinapi_client:_make_request:37 - HTTP request failed for ohlcv/MEXCFTS_PERP_GIGA_USDT/history: 400 Client Error: Bad Request for url: https://rest.coinapi.io/v1/ohlcv/MEXCFTS_PERP_GIGA_USDT/history?period_id=1MIN&limit=10000&time_start=2024-08-25T00%3A11%3A27.228500&time_end=2024-09-24T00%3A11%3A27.228500
2025-06-01 00:11:30 | ERROR    | src.data.coinapi_client:get_ohlcv_historical:72 - Failed to get OHLCV for MEXCFTS_PERP_GIGA_USDT: Request failed: 400 Client Error: Bad Request for url: https://rest.coinapi.io/v1/ohlcv/MEXCFTS_PERP_GIGA_USDT/history?period_id=1MIN&limit=10000&time_start=2024-08-25T00%3A11%3A27.228500&time_end=2024-09-24T00%3A11%3A27.228500
2025-06-01 00:11:30 | ERROR    | src.data.coinapi_client:get_all_historical_data:116 - Error fetching chunk for MEXCFTS_PERP_GIGA_USDT: Request failed: 400 Client Error: Bad Request for url: https://rest.coinapi.io/v1/ohlcv/MEXCFTS_PERP_GIGA_USDT/history?period_id=1MIN&limit=10000&time_start=2024-08-25T00%3A11%3A27.228500&time_end=2024-09-24T00%3A11%3A27.228500
2025-06-01 00:11:30 | ERROR    | src.data.coinapi_client:_make_request:37 - HTTP request failed for ohlcv/MEXCFTS_PERP_GIGA_USDT/history: 400 Client Error: Bad Request for url: https://rest.coinapi.io/v1/ohlcv/MEXCFTS_PERP_GIGA_USDT/history?period_id=1MIN&limit=10000&time_start=2024-09-24T00%3A11%3A27.228500&time_end=2024-10-24T00%3A11%3A27.228500
2025-06-01 00:11:30 | ERROR    | src.data.coinapi_client:get_ohlcv_historical:72 - Failed to get OHLCV for MEXCFTS_PERP_GIGA_USDT: Request failed: 400 Client Error: Bad Request for url: https://rest.coinapi.io/v1/ohlcv/MEXCFTS_PERP_GIGA_USDT/history?period_id=1MIN&limit=10000&time_start=2024-09-24T00%3A11%3A27.228500&time_end=2024-10-24T00%3A11%3A27.228500
2025-06-01 00:11:30 | ERROR    | src.data.coinapi_client:get_all_historical_data:116 - Error fetching chunk for MEXCFTS_PERP_GIGA_USDT: Request failed: 400 Client Error: Bad Request for url: https://rest.coinapi.io/v1/ohlcv/MEXCFTS_PERP_GIGA_USDT/history?period_id=1MIN&limit=10000&time_start=2024-09-24T00%3A11%3A27.228500&time_end=2024-10-24T00%3A11%3A27.228500
2025-06-01 00:11:30 | ERROR    | src.data.coinapi_client:_make_request:37 - HTTP request failed for ohlcv/MEXCFTS_PERP_GIGA_USDT/history: 400 Client Error: Bad Request for url: https://rest.coinapi.io/v1/ohlcv/MEXCFTS_PERP_GIGA_USDT/history?period_id=1MIN&limit=10000&time_start=2024-10-24T00%3A11%3A27.228500&time_end=2024-11-23T00%3A11%3A27.228500
2025-06-01 00:11:30 | ERROR    | src.data.coinapi_client:get_ohlcv_historical:72 - Failed to get OHLCV for MEXCFTS_PERP_GIGA_USDT: Request failed: 400 Client Error: Bad Request for url: https://rest.coinapi.io/v1/ohlcv/MEXCFTS_PERP_GIGA_USDT/history?period_id=1MIN&limit=10000&time_start=2024-10-24T00%3A11%3A27.228500&time_end=2024-11-23T00%3A11%3A27.228500
2025-06-01 00:11:30 | ERROR    | src.data.coinapi_client:get_all_historical_data:116 - Error fetching chunk for MEXCFTS_PERP_GIGA_USDT: Request failed: 400 Client Error: Bad Request for url: https://rest.coinapi.io/v1/ohlcv/MEXCFTS_PERP_GIGA_USDT/history?period_id=1MIN&limit=10000&time_start=2024-10-24T00%3A11%3A27.228500&time_end=2024-11-23T00%3A11%3A27.228500
2025-06-01 00:11:31 | ERROR    | src.data.coinapi_client:_make_request:37 - HTTP request failed for ohlcv/MEXCFTS_PERP_GIGA_USDT/history: 400 Client Error: Bad Request for url: https://rest.coinapi.io/v1/ohlcv/MEXCFTS_PERP_GIGA_USDT/history?period_id=1MIN&limit=10000&time_start=2024-11-23T00%3A11%3A27.228500&time_end=2024-12-23T00%3A11%3A27.228500
2025-06-01 00:11:31 | ERROR    | src.data.coinapi_client:get_ohlcv_historical:72 - Failed to get OHLCV for MEXCFTS_PERP_GIGA_USDT: Request failed: 400 Client Error: Bad Request for url: https://rest.coinapi.io/v1/ohlcv/MEXCFTS_PERP_GIGA_USDT/history?period_id=1MIN&limit=10000&time_start=2024-11-23T00%3A11%3A27.228500&time_end=2024-12-23T00%3A11%3A27.228500
2025-06-01 00:11:31 | ERROR    | src.data.coinapi_client:get_all_historical_data:116 - Error fetching chunk for MEXCFTS_PERP_GIGA_USDT: Request failed: 400 Client Error: Bad Request for url: https://rest.coinapi.io/v1/ohlcv/MEXCFTS_PERP_GIGA_USDT/history?period_id=1MIN&limit=10000&time_start=2024-11-23T00%3A11%3A27.228500&time_end=2024-12-23T00%3A11%3A27.228500
2025-06-01 00:11:31 | ERROR    | src.data.coinapi_client:_make_request:37 - HTTP request failed for ohlcv/MEXCFTS_PERP_GIGA_USDT/history: 400 Client Error: Bad Request for url: https://rest.coinapi.io/v1/ohlcv/MEXCFTS_PERP_GIGA_USDT/history?period_id=1MIN&limit=10000&time_start=2024-12-23T00%3A11%3A27.228500&time_end=2025-01-22T00%3A11%3A27.228500
2025-06-01 00:11:31 | ERROR    | src.data.coinapi_client:get_ohlcv_historical:72 - Failed to get OHLCV for MEXCFTS_PERP_GIGA_USDT: Request failed: 400 Client Error: Bad Request for url: https://rest.coinapi.io/v1/ohlcv/MEXCFTS_PERP_GIGA_USDT/history?period_id=1MIN&limit=10000&time_start=2024-12-23T00%3A11%3A27.228500&time_end=2025-01-22T00%3A11%3A27.228500
2025-06-01 00:11:31 | ERROR    | src.data.coinapi_client:get_all_historical_data:116 - Error fetching chunk for MEXCFTS_PERP_GIGA_USDT: Request failed: 400 Client Error: Bad Request for url: https://rest.coinapi.io/v1/ohlcv/MEXCFTS_PERP_GIGA_USDT/history?period_id=1MIN&limit=10000&time_start=2024-12-23T00%3A11%3A27.228500&time_end=2025-01-22T00%3A11%3A27.228500
2025-06-01 00:11:31 | ERROR    | src.data.coinapi_client:_make_request:37 - HTTP request failed for ohlcv/MEXCFTS_PERP_GIGA_USDT/history: 400 Client Error: Bad Request for url: https://rest.coinapi.io/v1/ohlcv/MEXCFTS_PERP_GIGA_USDT/history?period_id=1MIN&limit=10000&time_start=2025-01-22T00%3A11%3A27.228500&time_end=2025-02-21T00%3A11%3A27.228500
2025-06-01 00:11:31 | ERROR    | src.data.coinapi_client:get_ohlcv_historical:72 - Failed to get OHLCV for MEXCFTS_PERP_GIGA_USDT: Request failed: 400 Client Error: Bad Request for url: https://rest.coinapi.io/v1/ohlcv/MEXCFTS_PERP_GIGA_USDT/history?period_id=1MIN&limit=10000&time_start=2025-01-22T00%3A11%3A27.228500&time_end=2025-02-21T00%3A11%3A27.228500
2025-06-01 00:11:31 | ERROR    | src.data.coinapi_client:get_all_historical_data:116 - Error fetching chunk for MEXCFTS_PERP_GIGA_USDT: Request failed: 400 Client Error: Bad Request for url: https://rest.coinapi.io/v1/ohlcv/MEXCFTS_PERP_GIGA_USDT/history?period_id=1MIN&limit=10000&time_start=2025-01-22T00%3A11%3A27.228500&time_end=2025-02-21T00%3A11%3A27.228500
2025-06-01 00:11:31 | ERROR    | src.data.coinapi_client:_make_request:37 - HTTP request failed for ohlcv/MEXCFTS_PERP_GIGA_USDT/history: 400 Client Error: Bad Request for url: https://rest.coinapi.io/v1/ohlcv/MEXCFTS_PERP_GIGA_USDT/history?period_id=1MIN&limit=10000&time_start=2025-02-21T00%3A11%3A27.228500&time_end=2025-03-23T00%3A11%3A27.228500
2025-06-01 00:11:31 | ERROR    | src.data.coinapi_client:get_ohlcv_historical:72 - Failed to get OHLCV for MEXCFTS_PERP_GIGA_USDT: Request failed: 400 Client Error: Bad Request for url: https://rest.coinapi.io/v1/ohlcv/MEXCFTS_PERP_GIGA_USDT/history?period_id=1MIN&limit=10000&time_start=2025-02-21T00%3A11%3A27.228500&time_end=2025-03-23T00%3A11%3A27.228500
2025-06-01 00:11:31 | ERROR    | src.data.coinapi_client:get_all_historical_data:116 - Error fetching chunk for MEXCFTS_PERP_GIGA_USDT: Request failed: 400 Client Error: Bad Request for url: https://rest.coinapi.io/v1/ohlcv/MEXCFTS_PERP_GIGA_USDT/history?period_id=1MIN&limit=10000&time_start=2025-02-21T00%3A11%3A27.228500&time_end=2025-03-23T00%3A11%3A27.228500
2025-06-01 00:11:31 | ERROR    | src.data.coinapi_client:_make_request:37 - HTTP request failed for ohlcv/MEXCFTS_PERP_GIGA_USDT/history: 400 Client Error: Bad Request for url: https://rest.coinapi.io/v1/ohlcv/MEXCFTS_PERP_GIGA_USDT/history?period_id=1MIN&limit=10000&time_start=2025-03-23T00%3A11%3A27.228500&time_end=2025-04-22T00%3A11%3A27.228500
2025-06-01 00:11:31 | ERROR    | src.data.coinapi_client:get_ohlcv_historical:72 - Failed to get OHLCV for MEXCFTS_PERP_GIGA_USDT: Request failed: 400 Client Error: Bad Request for url: https://rest.coinapi.io/v1/ohlcv/MEXCFTS_PERP_GIGA_USDT/history?period_id=1MIN&limit=10000&time_start=2025-03-23T00%3A11%3A27.228500&time_end=2025-04-22T00%3A11%3A27.228500
2025-06-01 00:11:31 | ERROR    | src.data.coinapi_client:get_all_historical_data:116 - Error fetching chunk for MEXCFTS_PERP_GIGA_USDT: Request failed: 400 Client Error: Bad Request for url: https://rest.coinapi.io/v1/ohlcv/MEXCFTS_PERP_GIGA_USDT/history?period_id=1MIN&limit=10000&time_start=2025-03-23T00%3A11%3A27.228500&time_end=2025-04-22T00%3A11%3A27.228500
2025-06-01 00:11:32 | ERROR    | src.data.coinapi_client:_make_request:37 - HTTP request failed for ohlcv/MEXCFTS_PERP_GIGA_USDT/history: 400 Client Error: Bad Request for url: https://rest.coinapi.io/v1/ohlcv/MEXCFTS_PERP_GIGA_USDT/history?period_id=1MIN&limit=10000&time_start=2025-04-22T00%3A11%3A27.228500&time_end=2025-05-22T00%3A11%3A27.228500
2025-06-01 00:11:32 | ERROR    | src.data.coinapi_client:get_ohlcv_historical:72 - Failed to get OHLCV for MEXCFTS_PERP_GIGA_USDT: Request failed: 400 Client Error: Bad Request for url: https://rest.coinapi.io/v1/ohlcv/MEXCFTS_PERP_GIGA_USDT/history?period_id=1MIN&limit=10000&time_start=2025-04-22T00%3A11%3A27.228500&time_end=2025-05-22T00%3A11%3A27.228500
2025-06-01 00:11:32 | ERROR    | src.data.coinapi_client:get_all_historical_data:116 - Error fetching chunk for MEXCFTS_PERP_GIGA_USDT: Request failed: 400 Client Error: Bad Request for url: https://rest.coinapi.io/v1/ohlcv/MEXCFTS_PERP_GIGA_USDT/history?period_id=1MIN&limit=10000&time_start=2025-04-22T00%3A11%3A27.228500&time_end=2025-05-22T00%3A11%3A27.228500
2025-06-01 00:11:32 | ERROR    | src.data.coinapi_client:_make_request:37 - HTTP request failed for ohlcv/MEXCFTS_PERP_GIGA_USDT/history: 400 Client Error: Bad Request for url: https://rest.coinapi.io/v1/ohlcv/MEXCFTS_PERP_GIGA_USDT/history?period_id=1MIN&limit=10000&time_start=2025-05-22T00%3A11%3A27.228500&time_end=2025-06-01T00%3A11%3A27.228500
2025-06-01 00:11:32 | ERROR    | src.data.coinapi_client:get_ohlcv_historical:72 - Failed to get OHLCV for MEXCFTS_PERP_GIGA_USDT: Request failed: 400 Client Error: Bad Request for url: https://rest.coinapi.io/v1/ohlcv/MEXCFTS_PERP_GIGA_USDT/history?period_id=1MIN&limit=10000&time_start=2025-05-22T00%3A11%3A27.228500&time_end=2025-06-01T00%3A11%3A27.228500
2025-06-01 00:11:32 | ERROR    | src.data.coinapi_client:get_all_historical_data:116 - Error fetching chunk for MEXCFTS_PERP_GIGA_USDT: Request failed: 400 Client Error: Bad Request for url: https://rest.coinapi.io/v1/ohlcv/MEXCFTS_PERP_GIGA_USDT/history?period_id=1MIN&limit=10000&time_start=2025-05-22T00%3A11%3A27.228500&time_end=2025-06-01T00%3A11%3A27.228500
2025-06-01 00:11:32 | WARNING  | src.data.coinapi_client:get_all_historical_data:121 - No historical data found for MEXCFTS_PERP_GIGA_USDT
2025-06-01 00:11:32 | WARNING  | src.data.ingestion:ingest_symbol_data:43 - No data received for MEXCFTS_PERP_GIGA_USDT
2025-06-01 00:11:32 | INFO     | src.data.ingestion:ingest_symbol_data:25 - Starting data ingestion for MEXCFTS_PERP_SPX_USDT
2025-06-01 00:11:32 | INFO     | src.data.coinapi_client:get_all_historical_data:80 - Fetching all historical data for MEXCFTS_PERP_SPX_USDT
2025-06-01 00:11:32 | ERROR    | src.data.coinapi_client:_make_request:37 - HTTP request failed for ohlcv/MEXCFTS_PERP_SPX_USDT/history: 400 Client Error: Bad Request for url: https://rest.coinapi.io/v1/ohlcv/MEXCFTS_PERP_SPX_USDT/history?period_id=1MIN&limit=10000&time_start=2023-06-02T00%3A11%3A32.256087&time_end=2023-07-02T00%3A11%3A32.256087
2025-06-01 00:11:32 | ERROR    | src.data.coinapi_client:get_ohlcv_historical:72 - Failed to get OHLCV for MEXCFTS_PERP_SPX_USDT: Request failed: 400 Client Error: Bad Request for url: https://rest.coinapi.io/v1/ohlcv/MEXCFTS_PERP_SPX_USDT/history?period_id=1MIN&limit=10000&time_start=2023-06-02T00%3A11%3A32.256087&time_end=2023-07-02T00%3A11%3A32.256087
2025-06-01 00:11:32 | ERROR    | src.data.coinapi_client:get_all_historical_data:116 - Error fetching chunk for MEXCFTS_PERP_SPX_USDT: Request failed: 400 Client Error: Bad Request for url: https://rest.coinapi.io/v1/ohlcv/MEXCFTS_PERP_SPX_USDT/history?period_id=1MIN&limit=10000&time_start=2023-06-02T00%3A11%3A32.256087&time_end=2023-07-02T00%3A11%3A32.256087
2025-06-01 00:11:32 | ERROR    | src.data.coinapi_client:_make_request:37 - HTTP request failed for ohlcv/MEXCFTS_PERP_SPX_USDT/history: 400 Client Error: Bad Request for url: https://rest.coinapi.io/v1/ohlcv/MEXCFTS_PERP_SPX_USDT/history?period_id=1MIN&limit=10000&time_start=2023-07-02T00%3A11%3A32.256087&time_end=2023-08-01T00%3A11%3A32.256087
2025-06-01 00:11:32 | ERROR    | src.data.coinapi_client:get_ohlcv_historical:72 - Failed to get OHLCV for MEXCFTS_PERP_SPX_USDT: Request failed: 400 Client Error: Bad Request for url: https://rest.coinapi.io/v1/ohlcv/MEXCFTS_PERP_SPX_USDT/history?period_id=1MIN&limit=10000&time_start=2023-07-02T00%3A11%3A32.256087&time_end=2023-08-01T00%3A11%3A32.256087
2025-06-01 00:11:32 | ERROR    | src.data.coinapi_client:get_all_historical_data:116 - Error fetching chunk for MEXCFTS_PERP_SPX_USDT: Request failed: 400 Client Error: Bad Request for url: https://rest.coinapi.io/v1/ohlcv/MEXCFTS_PERP_SPX_USDT/history?period_id=1MIN&limit=10000&time_start=2023-07-02T00%3A11%3A32.256087&time_end=2023-08-01T00%3A11%3A32.256087
2025-06-01 00:11:32 | ERROR    | src.data.coinapi_client:_make_request:37 - HTTP request failed for ohlcv/MEXCFTS_PERP_SPX_USDT/history: 400 Client Error: Bad Request for url: https://rest.coinapi.io/v1/ohlcv/MEXCFTS_PERP_SPX_USDT/history?period_id=1MIN&limit=10000&time_start=2023-08-01T00%3A11%3A32.256087&time_end=2023-08-31T00%3A11%3A32.256087
2025-06-01 00:11:32 | ERROR    | src.data.coinapi_client:get_ohlcv_historical:72 - Failed to get OHLCV for MEXCFTS_PERP_SPX_USDT: Request failed: 400 Client Error: Bad Request for url: https://rest.coinapi.io/v1/ohlcv/MEXCFTS_PERP_SPX_USDT/history?period_id=1MIN&limit=10000&time_start=2023-08-01T00%3A11%3A32.256087&time_end=2023-08-31T00%3A11%3A32.256087
2025-06-01 00:11:32 | ERROR    | src.data.coinapi_client:get_all_historical_data:116 - Error fetching chunk for MEXCFTS_PERP_SPX_USDT: Request failed: 400 Client Error: Bad Request for url: https://rest.coinapi.io/v1/ohlcv/MEXCFTS_PERP_SPX_USDT/history?period_id=1MIN&limit=10000&time_start=2023-08-01T00%3A11%3A32.256087&time_end=2023-08-31T00%3A11%3A32.256087
2025-06-01 00:11:32 | ERROR    | src.data.coinapi_client:_make_request:37 - HTTP request failed for ohlcv/MEXCFTS_PERP_SPX_USDT/history: 400 Client Error: Bad Request for url: https://rest.coinapi.io/v1/ohlcv/MEXCFTS_PERP_SPX_USDT/history?period_id=1MIN&limit=10000&time_start=2023-08-31T00%3A11%3A32.256087&time_end=2023-09-30T00%3A11%3A32.256087
2025-06-01 00:11:32 | ERROR    | src.data.coinapi_client:get_ohlcv_historical:72 - Failed to get OHLCV for MEXCFTS_PERP_SPX_USDT: Request failed: 400 Client Error: Bad Request for url: https://rest.coinapi.io/v1/ohlcv/MEXCFTS_PERP_SPX_USDT/history?period_id=1MIN&limit=10000&time_start=2023-08-31T00%3A11%3A32.256087&time_end=2023-09-30T00%3A11%3A32.256087
2025-06-01 00:11:32 | ERROR    | src.data.coinapi_client:get_all_historical_data:116 - Error fetching chunk for MEXCFTS_PERP_SPX_USDT: Request failed: 400 Client Error: Bad Request for url: https://rest.coinapi.io/v1/ohlcv/MEXCFTS_PERP_SPX_USDT/history?period_id=1MIN&limit=10000&time_start=2023-08-31T00%3A11%3A32.256087&time_end=2023-09-30T00%3A11%3A32.256087
2025-06-01 00:11:33 | ERROR    | src.data.coinapi_client:_make_request:37 - HTTP request failed for ohlcv/MEXCFTS_PERP_SPX_USDT/history: 400 Client Error: Bad Request for url: https://rest.coinapi.io/v1/ohlcv/MEXCFTS_PERP_SPX_USDT/history?period_id=1MIN&limit=10000&time_start=2023-09-30T00%3A11%3A32.256087&time_end=2023-10-30T00%3A11%3A32.256087
2025-06-01 00:11:33 | ERROR    | src.data.coinapi_client:get_ohlcv_historical:72 - Failed to get OHLCV for MEXCFTS_PERP_SPX_USDT: Request failed: 400 Client Error: Bad Request for url: https://rest.coinapi.io/v1/ohlcv/MEXCFTS_PERP_SPX_USDT/history?period_id=1MIN&limit=10000&time_start=2023-09-30T00%3A11%3A32.256087&time_end=2023-10-30T00%3A11%3A32.256087
2025-06-01 00:11:33 | ERROR    | src.data.coinapi_client:get_all_historical_data:116 - Error fetching chunk for MEXCFTS_PERP_SPX_USDT: Request failed: 400 Client Error: Bad Request for url: https://rest.coinapi.io/v1/ohlcv/MEXCFTS_PERP_SPX_USDT/history?period_id=1MIN&limit=10000&time_start=2023-09-30T00%3A11%3A32.256087&time_end=2023-10-30T00%3A11%3A32.256087
2025-06-01 00:11:33 | ERROR    | src.data.coinapi_client:_make_request:37 - HTTP request failed for ohlcv/MEXCFTS_PERP_SPX_USDT/history: 400 Client Error: Bad Request for url: https://rest.coinapi.io/v1/ohlcv/MEXCFTS_PERP_SPX_USDT/history?period_id=1MIN&limit=10000&time_start=2023-10-30T00%3A11%3A32.256087&time_end=2023-11-29T00%3A11%3A32.256087
2025-06-01 00:11:33 | ERROR    | src.data.coinapi_client:get_ohlcv_historical:72 - Failed to get OHLCV for MEXCFTS_PERP_SPX_USDT: Request failed: 400 Client Error: Bad Request for url: https://rest.coinapi.io/v1/ohlcv/MEXCFTS_PERP_SPX_USDT/history?period_id=1MIN&limit=10000&time_start=2023-10-30T00%3A11%3A32.256087&time_end=2023-11-29T00%3A11%3A32.256087
2025-06-01 00:11:33 | ERROR    | src.data.coinapi_client:get_all_historical_data:116 - Error fetching chunk for MEXCFTS_PERP_SPX_USDT: Request failed: 400 Client Error: Bad Request for url: https://rest.coinapi.io/v1/ohlcv/MEXCFTS_PERP_SPX_USDT/history?period_id=1MIN&limit=10000&time_start=2023-10-30T00%3A11%3A32.256087&time_end=2023-11-29T00%3A11%3A32.256087
2025-06-01 00:11:33 | ERROR    | src.data.coinapi_client:_make_request:37 - HTTP request failed for ohlcv/MEXCFTS_PERP_SPX_USDT/history: 400 Client Error: Bad Request for url: https://rest.coinapi.io/v1/ohlcv/MEXCFTS_PERP_SPX_USDT/history?period_id=1MIN&limit=10000&time_start=2023-11-29T00%3A11%3A32.256087&time_end=2023-12-29T00%3A11%3A32.256087
2025-06-01 00:11:33 | ERROR    | src.data.coinapi_client:get_ohlcv_historical:72 - Failed to get OHLCV for MEXCFTS_PERP_SPX_USDT: Request failed: 400 Client Error: Bad Request for url: https://rest.coinapi.io/v1/ohlcv/MEXCFTS_PERP_SPX_USDT/history?period_id=1MIN&limit=10000&time_start=2023-11-29T00%3A11%3A32.256087&time_end=2023-12-29T00%3A11%3A32.256087
2025-06-01 00:11:33 | ERROR    | src.data.coinapi_client:get_all_historical_data:116 - Error fetching chunk for MEXCFTS_PERP_SPX_USDT: Request failed: 400 Client Error: Bad Request for url: https://rest.coinapi.io/v1/ohlcv/MEXCFTS_PERP_SPX_USDT/history?period_id=1MIN&limit=10000&time_start=2023-11-29T00%3A11%3A32.256087&time_end=2023-12-29T00%3A11%3A32.256087
2025-06-01 00:11:33 | ERROR    | src.data.coinapi_client:_make_request:37 - HTTP request failed for ohlcv/MEXCFTS_PERP_SPX_USDT/history: 400 Client Error: Bad Request for url: https://rest.coinapi.io/v1/ohlcv/MEXCFTS_PERP_SPX_USDT/history?period_id=1MIN&limit=10000&time_start=2023-12-29T00%3A11%3A32.256087&time_end=2024-01-28T00%3A11%3A32.256087
2025-06-01 00:11:33 | ERROR    | src.data.coinapi_client:get_ohlcv_historical:72 - Failed to get OHLCV for MEXCFTS_PERP_SPX_USDT: Request failed: 400 Client Error: Bad Request for url: https://rest.coinapi.io/v1/ohlcv/MEXCFTS_PERP_SPX_USDT/history?period_id=1MIN&limit=10000&time_start=2023-12-29T00%3A11%3A32.256087&time_end=2024-01-28T00%3A11%3A32.256087
2025-06-01 00:11:33 | ERROR    | src.data.coinapi_client:get_all_historical_data:116 - Error fetching chunk for MEXCFTS_PERP_SPX_USDT: Request failed: 400 Client Error: Bad Request for url: https://rest.coinapi.io/v1/ohlcv/MEXCFTS_PERP_SPX_USDT/history?period_id=1MIN&limit=10000&time_start=2023-12-29T00%3A11%3A32.256087&time_end=2024-01-28T00%3A11%3A32.256087
2025-06-01 00:11:33 | ERROR    | src.data.coinapi_client:_make_request:37 - HTTP request failed for ohlcv/MEXCFTS_PERP_SPX_USDT/history: 400 Client Error: Bad Request for url: https://rest.coinapi.io/v1/ohlcv/MEXCFTS_PERP_SPX_USDT/history?period_id=1MIN&limit=10000&time_start=2024-01-28T00%3A11%3A32.256087&time_end=2024-02-27T00%3A11%3A32.256087
2025-06-01 00:11:33 | ERROR    | src.data.coinapi_client:get_ohlcv_historical:72 - Failed to get OHLCV for MEXCFTS_PERP_SPX_USDT: Request failed: 400 Client Error: Bad Request for url: https://rest.coinapi.io/v1/ohlcv/MEXCFTS_PERP_SPX_USDT/history?period_id=1MIN&limit=10000&time_start=2024-01-28T00%3A11%3A32.256087&time_end=2024-02-27T00%3A11%3A32.256087
2025-06-01 00:11:33 | ERROR    | src.data.coinapi_client:get_all_historical_data:116 - Error fetching chunk for MEXCFTS_PERP_SPX_USDT: Request failed: 400 Client Error: Bad Request for url: https://rest.coinapi.io/v1/ohlcv/MEXCFTS_PERP_SPX_USDT/history?period_id=1MIN&limit=10000&time_start=2024-01-28T00%3A11%3A32.256087&time_end=2024-02-27T00%3A11%3A32.256087
2025-06-01 00:11:34 | ERROR    | src.data.coinapi_client:_make_request:37 - HTTP request failed for ohlcv/MEXCFTS_PERP_SPX_USDT/history: 400 Client Error: Bad Request for url: https://rest.coinapi.io/v1/ohlcv/MEXCFTS_PERP_SPX_USDT/history?period_id=1MIN&limit=10000&time_start=2024-02-27T00%3A11%3A32.256087&time_end=2024-03-28T00%3A11%3A32.256087
2025-06-01 00:11:34 | ERROR    | src.data.coinapi_client:get_ohlcv_historical:72 - Failed to get OHLCV for MEXCFTS_PERP_SPX_USDT: Request failed: 400 Client Error: Bad Request for url: https://rest.coinapi.io/v1/ohlcv/MEXCFTS_PERP_SPX_USDT/history?period_id=1MIN&limit=10000&time_start=2024-02-27T00%3A11%3A32.256087&time_end=2024-03-28T00%3A11%3A32.256087
2025-06-01 00:11:34 | ERROR    | src.data.coinapi_client:get_all_historical_data:116 - Error fetching chunk for MEXCFTS_PERP_SPX_USDT: Request failed: 400 Client Error: Bad Request for url: https://rest.coinapi.io/v1/ohlcv/MEXCFTS_PERP_SPX_USDT/history?period_id=1MIN&limit=10000&time_start=2024-02-27T00%3A11%3A32.256087&time_end=2024-03-28T00%3A11%3A32.256087
2025-06-01 00:11:34 | ERROR    | src.data.coinapi_client:_make_request:37 - HTTP request failed for ohlcv/MEXCFTS_PERP_SPX_USDT/history: 400 Client Error: Bad Request for url: https://rest.coinapi.io/v1/ohlcv/MEXCFTS_PERP_SPX_USDT/history?period_id=1MIN&limit=10000&time_start=2024-03-28T00%3A11%3A32.256087&time_end=2024-04-27T00%3A11%3A32.256087
2025-06-01 00:11:34 | ERROR    | src.data.coinapi_client:get_ohlcv_historical:72 - Failed to get OHLCV for MEXCFTS_PERP_SPX_USDT: Request failed: 400 Client Error: Bad Request for url: https://rest.coinapi.io/v1/ohlcv/MEXCFTS_PERP_SPX_USDT/history?period_id=1MIN&limit=10000&time_start=2024-03-28T00%3A11%3A32.256087&time_end=2024-04-27T00%3A11%3A32.256087
2025-06-01 00:11:34 | ERROR    | src.data.coinapi_client:get_all_historical_data:116 - Error fetching chunk for MEXCFTS_PERP_SPX_USDT: Request failed: 400 Client Error: Bad Request for url: https://rest.coinapi.io/v1/ohlcv/MEXCFTS_PERP_SPX_USDT/history?period_id=1MIN&limit=10000&time_start=2024-03-28T00%3A11%3A32.256087&time_end=2024-04-27T00%3A11%3A32.256087
2025-06-01 00:11:34 | ERROR    | src.data.coinapi_client:_make_request:37 - HTTP request failed for ohlcv/MEXCFTS_PERP_SPX_USDT/history: 400 Client Error: Bad Request for url: https://rest.coinapi.io/v1/ohlcv/MEXCFTS_PERP_SPX_USDT/history?period_id=1MIN&limit=10000&time_start=2024-04-27T00%3A11%3A32.256087&time_end=2024-05-27T00%3A11%3A32.256087
2025-06-01 00:11:34 | ERROR    | src.data.coinapi_client:get_ohlcv_historical:72 - Failed to get OHLCV for MEXCFTS_PERP_SPX_USDT: Request failed: 400 Client Error: Bad Request for url: https://rest.coinapi.io/v1/ohlcv/MEXCFTS_PERP_SPX_USDT/history?period_id=1MIN&limit=10000&time_start=2024-04-27T00%3A11%3A32.256087&time_end=2024-05-27T00%3A11%3A32.256087
2025-06-01 00:11:34 | ERROR    | src.data.coinapi_client:get_all_historical_data:116 - Error fetching chunk for MEXCFTS_PERP_SPX_USDT: Request failed: 400 Client Error: Bad Request for url: https://rest.coinapi.io/v1/ohlcv/MEXCFTS_PERP_SPX_USDT/history?period_id=1MIN&limit=10000&time_start=2024-04-27T00%3A11%3A32.256087&time_end=2024-05-27T00%3A11%3A32.256087
2025-06-01 00:11:34 | ERROR    | src.data.coinapi_client:_make_request:37 - HTTP request failed for ohlcv/MEXCFTS_PERP_SPX_USDT/history: 400 Client Error: Bad Request for url: https://rest.coinapi.io/v1/ohlcv/MEXCFTS_PERP_SPX_USDT/history?period_id=1MIN&limit=10000&time_start=2024-05-27T00%3A11%3A32.256087&time_end=2024-06-26T00%3A11%3A32.256087
2025-06-01 00:11:34 | ERROR    | src.data.coinapi_client:get_ohlcv_historical:72 - Failed to get OHLCV for MEXCFTS_PERP_SPX_USDT: Request failed: 400 Client Error: Bad Request for url: https://rest.coinapi.io/v1/ohlcv/MEXCFTS_PERP_SPX_USDT/history?period_id=1MIN&limit=10000&time_start=2024-05-27T00%3A11%3A32.256087&time_end=2024-06-26T00%3A11%3A32.256087
2025-06-01 00:11:34 | ERROR    | src.data.coinapi_client:get_all_historical_data:116 - Error fetching chunk for MEXCFTS_PERP_SPX_USDT: Request failed: 400 Client Error: Bad Request for url: https://rest.coinapi.io/v1/ohlcv/MEXCFTS_PERP_SPX_USDT/history?period_id=1MIN&limit=10000&time_start=2024-05-27T00%3A11%3A32.256087&time_end=2024-06-26T00%3A11%3A32.256087
2025-06-01 00:11:34 | ERROR    | src.data.coinapi_client:_make_request:37 - HTTP request failed for ohlcv/MEXCFTS_PERP_SPX_USDT/history: 400 Client Error: Bad Request for url: https://rest.coinapi.io/v1/ohlcv/MEXCFTS_PERP_SPX_USDT/history?period_id=1MIN&limit=10000&time_start=2024-06-26T00%3A11%3A32.256087&time_end=2024-07-26T00%3A11%3A32.256087
2025-06-01 00:11:34 | ERROR    | src.data.coinapi_client:get_ohlcv_historical:72 - Failed to get OHLCV for MEXCFTS_PERP_SPX_USDT: Request failed: 400 Client Error: Bad Request for url: https://rest.coinapi.io/v1/ohlcv/MEXCFTS_PERP_SPX_USDT/history?period_id=1MIN&limit=10000&time_start=2024-06-26T00%3A11%3A32.256087&time_end=2024-07-26T00%3A11%3A32.256087
2025-06-01 00:11:34 | ERROR    | src.data.coinapi_client:get_all_historical_data:116 - Error fetching chunk for MEXCFTS_PERP_SPX_USDT: Request failed: 400 Client Error: Bad Request for url: https://rest.coinapi.io/v1/ohlcv/MEXCFTS_PERP_SPX_USDT/history?period_id=1MIN&limit=10000&time_start=2024-06-26T00%3A11%3A32.256087&time_end=2024-07-26T00%3A11%3A32.256087
2025-06-01 00:11:34 | ERROR    | src.data.coinapi_client:_make_request:37 - HTTP request failed for ohlcv/MEXCFTS_PERP_SPX_USDT/history: 400 Client Error: Bad Request for url: https://rest.coinapi.io/v1/ohlcv/MEXCFTS_PERP_SPX_USDT/history?period_id=1MIN&limit=10000&time_start=2024-07-26T00%3A11%3A32.256087&time_end=2024-08-25T00%3A11%3A32.256087
2025-06-01 00:11:34 | ERROR    | src.data.coinapi_client:get_ohlcv_historical:72 - Failed to get OHLCV for MEXCFTS_PERP_SPX_USDT: Request failed: 400 Client Error: Bad Request for url: https://rest.coinapi.io/v1/ohlcv/MEXCFTS_PERP_SPX_USDT/history?period_id=1MIN&limit=10000&time_start=2024-07-26T00%3A11%3A32.256087&time_end=2024-08-25T00%3A11%3A32.256087
2025-06-01 00:11:34 | ERROR    | src.data.coinapi_client:get_all_historical_data:116 - Error fetching chunk for MEXCFTS_PERP_SPX_USDT: Request failed: 400 Client Error: Bad Request for url: https://rest.coinapi.io/v1/ohlcv/MEXCFTS_PERP_SPX_USDT/history?period_id=1MIN&limit=10000&time_start=2024-07-26T00%3A11%3A32.256087&time_end=2024-08-25T00%3A11%3A32.256087
2025-06-01 00:11:35 | ERROR    | src.data.coinapi_client:_make_request:37 - HTTP request failed for ohlcv/MEXCFTS_PERP_SPX_USDT/history: 400 Client Error: Bad Request for url: https://rest.coinapi.io/v1/ohlcv/MEXCFTS_PERP_SPX_USDT/history?period_id=1MIN&limit=10000&time_start=2024-08-25T00%3A11%3A32.256087&time_end=2024-09-24T00%3A11%3A32.256087
2025-06-01 00:11:35 | ERROR    | src.data.coinapi_client:get_ohlcv_historical:72 - Failed to get OHLCV for MEXCFTS_PERP_SPX_USDT: Request failed: 400 Client Error: Bad Request for url: https://rest.coinapi.io/v1/ohlcv/MEXCFTS_PERP_SPX_USDT/history?period_id=1MIN&limit=10000&time_start=2024-08-25T00%3A11%3A32.256087&time_end=2024-09-24T00%3A11%3A32.256087
2025-06-01 00:11:35 | ERROR    | src.data.coinapi_client:get_all_historical_data:116 - Error fetching chunk for MEXCFTS_PERP_SPX_USDT: Request failed: 400 Client Error: Bad Request for url: https://rest.coinapi.io/v1/ohlcv/MEXCFTS_PERP_SPX_USDT/history?period_id=1MIN&limit=10000&time_start=2024-08-25T00%3A11%3A32.256087&time_end=2024-09-24T00%3A11%3A32.256087
2025-06-01 00:11:35 | ERROR    | src.data.coinapi_client:_make_request:37 - HTTP request failed for ohlcv/MEXCFTS_PERP_SPX_USDT/history: 400 Client Error: Bad Request for url: https://rest.coinapi.io/v1/ohlcv/MEXCFTS_PERP_SPX_USDT/history?period_id=1MIN&limit=10000&time_start=2024-09-24T00%3A11%3A32.256087&time_end=2024-10-24T00%3A11%3A32.256087
2025-06-01 00:11:35 | ERROR    | src.data.coinapi_client:get_ohlcv_historical:72 - Failed to get OHLCV for MEXCFTS_PERP_SPX_USDT: Request failed: 400 Client Error: Bad Request for url: https://rest.coinapi.io/v1/ohlcv/MEXCFTS_PERP_SPX_USDT/history?period_id=1MIN&limit=10000&time_start=2024-09-24T00%3A11%3A32.256087&time_end=2024-10-24T00%3A11%3A32.256087
2025-06-01 00:11:35 | ERROR    | src.data.coinapi_client:get_all_historical_data:116 - Error fetching chunk for MEXCFTS_PERP_SPX_USDT: Request failed: 400 Client Error: Bad Request for url: https://rest.coinapi.io/v1/ohlcv/MEXCFTS_PERP_SPX_USDT/history?period_id=1MIN&limit=10000&time_start=2024-09-24T00%3A11%3A32.256087&time_end=2024-10-24T00%3A11%3A32.256087
2025-06-01 00:11:35 | ERROR    | src.data.coinapi_client:_make_request:37 - HTTP request failed for ohlcv/MEXCFTS_PERP_SPX_USDT/history: 400 Client Error: Bad Request for url: https://rest.coinapi.io/v1/ohlcv/MEXCFTS_PERP_SPX_USDT/history?period_id=1MIN&limit=10000&time_start=2024-10-24T00%3A11%3A32.256087&time_end=2024-11-23T00%3A11%3A32.256087
2025-06-01 00:11:35 | ERROR    | src.data.coinapi_client:get_ohlcv_historical:72 - Failed to get OHLCV for MEXCFTS_PERP_SPX_USDT: Request failed: 400 Client Error: Bad Request for url: https://rest.coinapi.io/v1/ohlcv/MEXCFTS_PERP_SPX_USDT/history?period_id=1MIN&limit=10000&time_start=2024-10-24T00%3A11%3A32.256087&time_end=2024-11-23T00%3A11%3A32.256087
2025-06-01 00:11:35 | ERROR    | src.data.coinapi_client:get_all_historical_data:116 - Error fetching chunk for MEXCFTS_PERP_SPX_USDT: Request failed: 400 Client Error: Bad Request for url: https://rest.coinapi.io/v1/ohlcv/MEXCFTS_PERP_SPX_USDT/history?period_id=1MIN&limit=10000&time_start=2024-10-24T00%3A11%3A32.256087&time_end=2024-11-23T00%3A11%3A32.256087
2025-06-01 00:14:34 | INFO     | src.database.connection:_initialize:29 - Database connection initialized
2025-06-01 00:14:34 | INFO     | __main__:main:22 - Starting data ingestion process...
2025-06-01 00:14:34 | INFO     | src.data.ingestion:ingest_all_symbols:71 - Starting data ingestion for all symbols
2025-06-01 00:14:34 | INFO     | src.data.ingestion:ingest_symbol_data:25 - Starting data ingestion for MEXCFTS_PERP_GIGA_USDT
2025-06-01 00:14:34 | INFO     | src.data.coinapi_client:get_all_historical_data:104 - Fetching historical data for MEXCFTS_PERP_GIGA_USDT
2025-06-01 00:16:41 | INFO     | src.database.connection:_initialize:29 - Database connection initialized
2025-06-01 00:16:41 | INFO     | __main__:main:22 - Starting data ingestion process...
2025-06-01 00:16:41 | INFO     | src.data.ingestion:ingest_all_symbols:71 - Starting data ingestion for all symbols
2025-06-01 00:16:41 | INFO     | src.data.ingestion:ingest_symbol_data:25 - Starting data ingestion for MEXCFTS_PERP_GIGA_USDT
2025-06-01 00:16:41 | INFO     | src.data.coinapi_client:get_all_historical_data:111 - Fetching historical data for MEXCFTS_PERP_GIGA_USDT
2025-06-01 00:16:41 | INFO     | src.data.coinapi_client:get_all_historical_data:121 - Will fetch 181 days of data from 2024-12-03 to 2025-06-01
2025-06-01 00:19:44 | INFO     | src.data.coinapi_client:get_all_historical_data:162 - Completed fetching MEXCFTS_PERP_GIGA_USDT: 181 successful days, 0 failed days
2025-06-01 00:19:44 | INFO     | src.data.coinapi_client:get_all_historical_data:168 - Combining 181 dataframes for MEXCFTS_PERP_GIGA_USDT
2025-06-01 00:19:44 | INFO     | src.data.coinapi_client:get_all_historical_data:213 - Successfully fetched 52128 records for MEXCFTS_PERP_GIGA_USDT from 2024-12-03 00:00:00+00:00 to 2025-06-01 23:55:00+00:00
2025-06-01 00:19:45 | INFO     | src.data.ingestion:_validate_and_clean_data:127 - Cleaned MEXCFTS_PERP_GIGA_USDT data: 52128 -> 51536 records
2025-06-01 00:19:47 | INFO     | src.data.ingestion:ingest_symbol_data:61 - Successfully inserted 51536 records for MEXCFTS_PERP_GIGA_USDT
2025-06-01 00:19:47 | INFO     | src.data.ingestion:ingest_symbol_data:25 - Starting data ingestion for MEXCFTS_PERP_SPX_USDT
2025-06-01 00:19:47 | INFO     | src.data.coinapi_client:get_all_historical_data:111 - Fetching historical data for MEXCFTS_PERP_SPX_USDT
2025-06-01 00:19:47 | INFO     | src.data.coinapi_client:get_all_historical_data:121 - Will fetch 181 days of data from 2024-12-03 to 2025-06-01
2025-06-01 00:23:06 | INFO     | src.data.coinapi_client:get_all_historical_data:162 - Completed fetching MEXCFTS_PERP_SPX_USDT: 181 successful days, 0 failed days
2025-06-01 00:23:06 | INFO     | src.data.coinapi_client:get_all_historical_data:168 - Combining 181 dataframes for MEXCFTS_PERP_SPX_USDT
2025-06-01 00:23:06 | INFO     | src.data.coinapi_client:get_all_historical_data:213 - Successfully fetched 52128 records for MEXCFTS_PERP_SPX_USDT from 2024-12-03 00:00:00+00:00 to 2025-06-01 23:55:00+00:00
2025-06-01 00:23:06 | INFO     | src.data.ingestion:_validate_and_clean_data:127 - Cleaned MEXCFTS_PERP_SPX_USDT data: 52128 -> 51542 records
2025-06-01 00:23:09 | INFO     | src.data.ingestion:ingest_symbol_data:61 - Successfully inserted 51542 records for MEXCFTS_PERP_SPX_USDT
2025-06-01 00:23:09 | INFO     | src.data.ingestion:ingest_all_symbols:83 - Data ingestion completed: 2/2 symbols successful
2025-06-01 00:23:09 | INFO     | __main__:main:37 - Successfully ingested data for all symbols
2025-06-01 00:23:09 | INFO     | __main__:main:43 - 
=== Data Summary ===
2025-06-01 00:23:09 | INFO     | __main__:main:48 - MEXCFTS_PERP_GIGA_USDT: 2024-12-03 01:00:00 to 2025-06-01 00:15:00
2025-06-01 00:23:09 | INFO     | __main__:main:48 - MEXCFTS_PERP_SPX_USDT: 2024-12-03 01:00:00 to 2025-06-01 00:20:00
2025-06-01 00:24:24 | INFO     | src.database.connection:_initialize:29 - Database connection initialized
2025-06-01 00:25:20 | INFO     | src.database.connection:_initialize:29 - Database connection initialized
2025-06-01 00:25:20 | WARNING  | src.database.migrations:reset_database:29 - Resetting database - all data will be lost!
2025-06-01 00:25:20 | WARNING  | src.database.migrations:drop_all_tables:21 - All database tables dropped
2025-06-01 00:25:20 | INFO     | src.database.migrations:create_all_tables:11 - All database tables created successfully
2025-06-01 00:25:20 | INFO     | src.database.migrations:reset_database:32 - Database reset completed
2025-06-01 00:25:20 | INFO     | src.database.connection:_initialize:29 - Database connection initialized
2025-06-01 00:25:20 | INFO     | __main__:main:77 - Starting database setup...
2025-06-01 00:25:20 | INFO     | src.database.connection:test_connection:53 - Database connection test successful
2025-06-01 00:25:20 | INFO     | src.database.migrations:create_all_tables:11 - All database tables created successfully
2025-06-01 00:25:20 | INFO     | __main__:setup_symbols:42 - Added symbol: MEXCFTS_PERP_GIGA_USDT
2025-06-01 00:25:20 | INFO     | __main__:setup_symbols:42 - Added symbol: MEXCFTS_PERP_SPX_USDT
2025-06-01 00:25:20 | INFO     | __main__:setup_pair_configurations:71 - Added pair configuration: MEXCFTS_PERP_GIGA_USDT_MEXCFTS_PERP_SPX_USDT
2025-06-01 00:25:20 | INFO     | __main__:main:92 - Database setup completed successfully!
2025-06-01 00:25:45 | INFO     | src.database.connection:_initialize:29 - Database connection initialized
2025-06-01 00:25:45 | INFO     | __main__:main:22 - Starting data ingestion process...
2025-06-01 00:25:45 | INFO     | src.data.ingestion:ingest_all_symbols:178 - Starting complete data ingestion for all symbols
2025-06-01 00:25:45 | INFO     | src.data.ingestion:ingest_all_symbols:191 - 
=== Processing MEXCFTS_PERP_GIGA_USDT ===
2025-06-01 00:25:45 | INFO     | src.data.ingestion:update_symbol_info:20 - Updating symbol info for MEXCFTS_PERP_GIGA_USDT
2025-06-01 00:25:45 | INFO     | src.data.coinapi_client:get_symbol_info:61 - Retrieved symbol info for MEXCFTS_PERP_GIGA_USDT
2025-06-01 00:25:45 | ERROR    | src.database.connection:get_session:43 - Database session error: 'list' object has no attribute 'get'
2025-06-01 00:25:45 | ERROR    | src.data.ingestion:update_symbol_info:69 - Failed to update symbol info for MEXCFTS_PERP_GIGA_USDT: Database operation failed: 'list' object has no attribute 'get'
2025-06-01 00:25:45 | ERROR    | src.data.ingestion:ingest_all_symbols:195 - Failed to update symbol info for MEXCFTS_PERP_GIGA_USDT
2025-06-01 00:25:45 | INFO     | src.data.ingestion:ingest_all_symbols:191 - 
=== Processing MEXCFTS_PERP_SPX_USDT ===
2025-06-01 00:25:45 | INFO     | src.data.ingestion:update_symbol_info:20 - Updating symbol info for MEXCFTS_PERP_SPX_USDT
2025-06-01 00:25:46 | INFO     | src.data.coinapi_client:get_symbol_info:61 - Retrieved symbol info for MEXCFTS_PERP_SPX_USDT
2025-06-01 00:25:46 | ERROR    | src.database.connection:get_session:43 - Database session error: 'list' object has no attribute 'get'
2025-06-01 00:25:46 | ERROR    | src.data.ingestion:update_symbol_info:69 - Failed to update symbol info for MEXCFTS_PERP_SPX_USDT: Database operation failed: 'list' object has no attribute 'get'
2025-06-01 00:25:46 | ERROR    | src.data.ingestion:ingest_all_symbols:195 - Failed to update symbol info for MEXCFTS_PERP_SPX_USDT
2025-06-01 00:25:46 | INFO     | src.data.ingestion:ingest_all_symbols:212 - Complete data ingestion finished: 0/2 symbols successful
2025-06-01 00:25:46 | ERROR    | __main__:main:39 - Some symbols failed during ingestion
2025-06-01 00:26:50 | INFO     | src.database.connection:_initialize:29 - Database connection initialized
2025-06-01 00:26:50 | INFO     | __main__:main:22 - Starting data ingestion process...
2025-06-01 00:26:50 | INFO     | src.data.ingestion:ingest_all_symbols:178 - Starting complete data ingestion for all symbols
2025-06-01 00:26:50 | INFO     | src.data.ingestion:ingest_all_symbols:191 - 
=== Processing MEXCFTS_PERP_SPX_USDT ===
2025-06-01 00:26:50 | INFO     | src.data.ingestion:update_symbol_info:20 - Updating symbol info for MEXCFTS_PERP_SPX_USDT
2025-06-01 00:26:51 | WARNING  | src.data.coinapi_client:get_symbol_info:80 - Direct symbol lookup failed for MEXCFTS_PERP_SPX_USDT, trying search...
2025-06-01 00:26:52 | INFO     | src.data.coinapi_client:_search_symbol_info:98 - Found symbol info for MEXCFTS_PERP_SPX_USDT via search
2025-06-01 00:26:52 | INFO     | src.data.ingestion:update_symbol_info:64 - Created symbol info for MEXCFTS_PERP_SPX_USDT
2025-06-01 00:26:52 | INFO     | src.data.ingestion:ingest_ohlcv_data:74 - Starting OHLCV ingestion for MEXCFTS_PERP_SPX_USDT
2025-06-01 00:26:52 | INFO     | src.data.coinapi_client:get_all_historical_ohlcv:214 - Fetching ALL historical OHLCV data for MEXCFTS_PERP_SPX_USDT
2025-06-01 00:26:53 | WARNING  | src.data.coinapi_client:get_symbol_info:80 - Direct symbol lookup failed for MEXCFTS_PERP_SPX_USDT, trying search...
2025-06-01 00:26:55 | INFO     | src.data.coinapi_client:_search_symbol_info:98 - Found symbol info for MEXCFTS_PERP_SPX_USDT via search
2025-06-01 00:26:55 | INFO     | src.data.coinapi_client:get_available_date_range:121 - Available data for MEXCFTS_PERP_SPX_USDT: 2024-10-29 00:00:00 to 2025-05-31 00:00:00
2025-06-01 00:26:55 | INFO     | src.data.coinapi_client:get_all_historical_ohlcv:232 - Will fetch 215 days of 1MIN data from 2024-10-29 to 2025-05-31
2025-06-01 00:31:18 | INFO     | src.data.coinapi_client:get_all_historical_ohlcv:291 - Successfully fetched 281721 OHLCV records for MEXCFTS_PERP_SPX_USDT
2025-06-01 00:31:33 | INFO     | src.data.ingestion:ingest_ohlcv_data:101 - Successfully inserted 281721 OHLCV records for MEXCFTS_PERP_SPX_USDT
2025-06-01 00:31:33 | INFO     | src.data.ingestion:ingest_orderbook_data:111 - Starting orderbook ingestion for MEXCFTS_PERP_SPX_USDT (last 7 days)
2025-06-01 00:31:33 | ERROR    | src.data.ingestion:ingest_orderbook_data:173 - Failed to ingest orderbook data for MEXCFTS_PERP_SPX_USDT: name 'timedelta' is not defined
2025-06-01 00:31:33 | INFO     | src.data.ingestion:ingest_all_symbols:210 - Successfully processed MEXCFTS_PERP_SPX_USDT (1/2)
2025-06-01 00:31:33 | INFO     | src.data.ingestion:ingest_all_symbols:191 - 
=== Processing MEXCFTS_PERP_GIGA_USDT ===
2025-06-01 00:31:33 | INFO     | src.data.ingestion:update_symbol_info:20 - Updating symbol info for MEXCFTS_PERP_GIGA_USDT
2025-06-01 00:31:34 | WARNING  | src.data.coinapi_client:get_symbol_info:80 - Direct symbol lookup failed for MEXCFTS_PERP_GIGA_USDT, trying search...
2025-06-01 00:31:36 | INFO     | src.data.coinapi_client:_search_symbol_info:98 - Found symbol info for MEXCFTS_PERP_GIGA_USDT via search
2025-06-01 00:31:36 | INFO     | src.data.ingestion:update_symbol_info:64 - Created symbol info for MEXCFTS_PERP_GIGA_USDT
2025-06-01 00:31:36 | INFO     | src.data.ingestion:ingest_ohlcv_data:74 - Starting OHLCV ingestion for MEXCFTS_PERP_GIGA_USDT
2025-06-01 00:31:36 | INFO     | src.data.coinapi_client:get_all_historical_ohlcv:214 - Fetching ALL historical OHLCV data for MEXCFTS_PERP_GIGA_USDT
2025-06-01 00:31:36 | WARNING  | src.data.coinapi_client:get_symbol_info:80 - Direct symbol lookup failed for MEXCFTS_PERP_GIGA_USDT, trying search...
2025-06-01 00:31:38 | INFO     | src.data.coinapi_client:_search_symbol_info:98 - Found symbol info for MEXCFTS_PERP_GIGA_USDT via search
2025-06-01 00:31:38 | INFO     | src.data.coinapi_client:get_available_date_range:121 - Available data for MEXCFTS_PERP_GIGA_USDT: 2024-11-12 00:00:00 to 2025-05-31 00:00:00
2025-06-01 00:31:38 | INFO     | src.data.coinapi_client:get_all_historical_ohlcv:232 - Will fetch 201 days of 1MIN data from 2024-11-12 to 2025-05-31
2025-06-01 00:32:39 | INFO     | src.database.connection:_initialize:29 - Database connection initialized
2025-06-01 00:34:28 | INFO     | src.database.connection:_initialize:29 - Database connection initialized
2025-06-01 00:34:28 | INFO     | __main__:main:114 - Testing ingestion for symbol: MEXCFTS_PERP_SPX_USDT, date: 2025-01-01
2025-06-01 00:34:28 | INFO     | __main__:test_symbol_info:69 - Testing symbol info for MEXCFTS_PERP_SPX_USDT
2025-06-01 00:34:29 | WARNING  | src.data.coinapi_client:get_symbol_info:80 - Direct symbol lookup failed for MEXCFTS_PERP_SPX_USDT, trying search...
2025-06-01 00:34:31 | INFO     | src.data.coinapi_client:_search_symbol_info:98 - Found symbol info for MEXCFTS_PERP_SPX_USDT via search
2025-06-01 00:34:31 | INFO     | __main__:test_symbol_info:73 - SUCCESS: Retrieved symbol info for MEXCFTS_PERP_SPX_USDT
2025-06-01 00:34:31 | INFO     | __main__:test_symbol_info:74 - Exchange: MEXCFTS
2025-06-01 00:34:31 | INFO     | __main__:test_symbol_info:75 - Type: PERPETUAL
2025-06-01 00:34:31 | INFO     | __main__:test_symbol_info:76 - Data start: 2024-10-29
2025-06-01 00:34:31 | INFO     | __main__:test_symbol_info:77 - Data end: 2025-05-31
2025-06-01 00:34:31 | INFO     | __main__:test_single_day_ohlcv:19 - Testing OHLCV ingestion for MEXCFTS_PERP_SPX_USDT on 2025-01-01
2025-06-01 00:34:33 | INFO     | __main__:test_single_day_ohlcv:28 - SUCCESS: Retrieved 1400 OHLCV records for MEXCFTS_PERP_SPX_USDT on 2025-01-01
2025-06-01 00:34:33 | INFO     | __main__:test_single_day_ohlcv:29 - Time range: 2025-01-01 00:00:00+00:00 to 2025-01-01 23:59:00+00:00
2025-06-01 00:34:33 | INFO     | __main__:test_single_day_ohlcv:30 - Columns: ['time_period_end', 'time_open', 'time_close', 'price_open', 'price_high', 'price_low', 'price_close', 'volume_traded', 'trades_count']
2025-06-01 00:34:33 | INFO     | __main__:test_single_day_ohlcv:34 - Sample data:
                                        time_period_end                     time_open                    time_close  price_open  ...  price_low  price_close  volume_traded  trades_count
time_period_start                                                                                                                ...                                                     
2025-01-01 00:00:00+00:00  2025-01-01T00:01:00.0000000Z  2025-01-01T00:00:15.8130000Z  2025-01-01T00:00:57.1830000Z      0.8710  ...     0.8710       0.8720            127             9
2025-01-01 00:01:00+00:00  2025-01-01T00:02:00.0000000Z  2025-01-01T00:01:09.1820000Z  2025-01-01T00:01:54.1810000Z      0.8715  ...     0.8710       0.8713             78             6
2025-01-01 00:02:00+00:00  2025-01-01T00:03:00.0000000Z  2025-01-01T00:02:09.1810000Z  2025-01-01T00:02:45.1820000Z      0.8724  ...     0.8662       0.8662          20547            19

[3 rows x 9 columns]
2025-06-01 00:34:33 | INFO     | __main__:test_single_day_orderbook:44 - Testing orderbook ingestion for MEXCFTS_PERP_SPX_USDT on 2025-01-01
2025-06-01 00:35:03 | WARNING  | src.data.coinapi_client:_safe_request:48 - Request failed (HTTPSConnectionPool(host='rest.coinapi.io', port=443): Read timed out. (read timeout=30)). Retrying in 1 seconds.
2025-06-01 00:35:47 | INFO     | __main__:test_single_day_orderbook:53 - SUCCESS: Retrieved 86079 orderbook snapshots for MEXCFTS_PERP_SPX_USDT on 2025-01-01
2025-06-01 00:35:47 | INFO     | __main__:test_single_day_orderbook:54 - Time range: 2025-01-01 00:00:04.949000+00:00 to 2025-01-01 23:59:59.755000+00:00
2025-06-01 00:35:47 | INFO     | __main__:test_single_day_orderbook:55 - Columns: ['bid1_price', 'bid1_size', 'bid2_price', 'bid2_size', 'bid3_price', 'bid3_size', 'bid4_price', 'bid4_size', 'bid5_price', 'bid5_size', 'bid6_price', 'bid6_size', 'bid7_price', 'bid7_size', 'bid8_price', 'bid8_size', 'bid9_price', 'bid9_size', 'bid10_price', 'bid10_size', 'ask1_price', 'ask1_size', 'ask2_price', 'ask2_size', 'ask3_price', 'ask3_size', 'ask4_price', 'ask4_size', 'ask5_price', 'ask5_size', 'ask6_price', 'ask6_size', 'ask7_price', 'ask7_size', 'ask8_price', 'ask8_size', 'ask9_price', 'ask9_size', 'ask10_price', 'ask10_size']
2025-06-01 00:35:47 | INFO     | __main__:test_single_day_orderbook:59 - Sample data:
                                  bid1_price  bid1_size  bid2_price  bid2_size  bid3_price  bid3_size  ...  ask8_price  ask8_size  ask9_price  ask9_size  ask10_price  ask10_size
timestamp                                                                                              ...                                                                       
2025-01-01 00:00:04.949000+00:00      0.8704       1144      0.8703        562      0.8702       2465  ...      0.8716        368      0.8717        458       0.8718        2652
2025-01-01 00:00:04.955000+00:00      0.8707        923      0.8706        533      0.8705       1712  ...      0.8716        368      0.8717        458       0.8718        2652

[2 rows x 40 columns]
2025-06-01 00:35:47 | INFO     | __main__:main:137 - 
=== Test Results ===
2025-06-01 00:35:47 | INFO     | __main__:main:138 - Passed: 3/3
2025-06-01 00:35:47 | INFO     | __main__:main:139 - Symbol: MEXCFTS_PERP_SPX_USDT
2025-06-01 00:35:47 | INFO     | __main__:main:140 - Date: 2025-01-01
